C:\Program Files (x86)\Microsoft Visual Studio\2019\Community\MSBuild\Microsoft\VC\v160\Microsoft.CppBuild.targets(445,5): warning MSB8004: Output Directory does not end with a trailing slash.  This build instance will add the slash as it is required to allow proper evaluation of the Output Directory.
  Congestion.c
  CUBIC.c
D:\WFH\DOS ATTACK\DOS_Attack_v12.1-IOT\DOS_Attack_v12.1\DOS_Attack_IoT_Workspace\src\Simulation\TCP\CUBIC.c(27,1): warning C4005: 'HZ': macro redefinition
D:\WFH\DOS ATTACK\DOS_Attack_v12.1-IOT\DOS_Attack_v12.1\DOS_Attack_IoT_Workspace\src\Simulation\Include\PropagationModel.h(27): message : see previous definition of 'HZ'
D:\WFH\DOS ATTACK\DOS_Attack_v12.1-IOT\DOS_Attack_v12.1\DOS_Attack_IoT_Workspace\src\Simulation\TCP\CUBIC.c(228,1): warning C4267: 'initializing': conversion from 'size_t' to 'int', possible loss of data
  DelayedAck.c
  RTO.c
  SACK.c
  SYN_flood.c
D:\WFH\DOS ATTACK\DOS_Attack_v12.1-IOT\DOS_Attack_v12.1\DOS_Attack_IoT_Workspace\src\Simulation\TCP\SYN_flood.c(55,23): warning C4013: 'socket_creation' undefined; assuming extern returning int
D:\WFH\DOS ATTACK\DOS_Attack_v12.1-IOT\DOS_Attack_v12.1\DOS_Attack_IoT_Workspace\src\Simulation\TCP\SYN_flood.c(55,25): warning C4047: '=': 'PNETSIM_SOCKET' differs in levels of indirection from 'int'
D:\WFH\DOS ATTACK\DOS_Attack_v12.1-IOT\DOS_Attack_v12.1\DOS_Attack_IoT_Workspace\src\Simulation\TCP\SYN_flood.c(121,18): warning C4047: 'return': 'int' differs in levels of indirection from 'PNETSIM_SOCKET'
  TCB.c
  TCP.c
D:\WFH\DOS ATTACK\DOS_Attack_v12.1-IOT\DOS_Attack_v12.1\DOS_Attack_IoT_Workspace\src\Simulation\TCP\TCP.c(19,39): warning C4028: formal parameter 1 different from declaration
D:\WFH\DOS ATTACK\DOS_Attack_v12.1-IOT\DOS_Attack_v12.1\DOS_Attack_IoT_Workspace\src\Simulation\TCP\TCP.c(98,20): warning C4018: '<': signed/unsigned mismatch
D:\WFH\DOS ATTACK\DOS_Attack_v12.1-IOT\DOS_Attack_v12.1\DOS_Attack_IoT_Workspace\src\Simulation\TCP\TCP.c(211,12): warning C4013: 'syn_flood' undefined; assuming extern returning int
  TCP_ApplicationInterface.c
  TCP_Connection.c
  TCP_Enum.c
  TCP_Incoming.c
  TCP_NetworkInterface.c
  TCP_Outgoing.c
  TCP_Packet.c
  TCP_Socket.c
D:\WFH\DOS ATTACK\DOS_Attack_v12.1-IOT\DOS_Attack_v12.1\DOS_Attack_IoT_Workspace\src\Simulation\TCP\TCP_Socket.c(278,26): warning C4013: 'isAnySegmentInQueue' undefined; assuming extern returning int
  TCP_Test.c
  WindowScale.c
  Generating Code...
C:\Program Files (x86)\Microsoft Visual Studio\2019\Community\MSBuild\Microsoft\VC\v160\Microsoft.CppBuild.targets(1274,5): warning MSB8012: TargetPath(D:\WFH\DOS ATTACK\DOS_Attack_v12.1-IOT\DOS_Attack_v12.1\DOS_Attack_IoT_Workspace\src\Simulation\TCP\..\..\..\bin\bin_x64\TCP.dll) does not match the Linker's OutputFile property value (D:\WFH\DOS ATTACK\DOS_Attack_v12.1-IOT\DOS_Attack_v12.1\DOS_Attack_IoT_Workspace\bin\bin_x64\libTCP.dll). This may cause your project to build incorrectly. To correct this, please make sure that $(OutDir), $(TargetName) and $(TargetExt) property values match the value specified in %(Link.OutputFile).
C:\Program Files (x86)\Microsoft Visual Studio\2019\Community\MSBuild\Microsoft\VC\v160\Microsoft.CppBuild.targets(1276,5): warning MSB8012: TargetName(TCP) does not match the Linker's OutputFile property value (libTCP). This may cause your project to build incorrectly. To correct this, please make sure that $(OutDir), $(TargetName) and $(TargetExt) property values match the value specified in %(Link.OutputFile).
Congestion.obj : warning LNK4075: ignoring '/EDITANDCONTINUE' due to '/INCREMENTAL:NO' specification
  TCP.lib(TCPLib.obj) : MSIL .netmodule or module compiled with /GL found; restarting link with /LTCG; add /LTCG to the link command line to improve linker performance
Congestion.obj : warning LNK4075: ignoring '/EDITANDCONTINUE' due to '/INCREMENTAL:NO' specification
     Creating library ..\lib_x64\libTCP.lib and object ..\lib_x64\libTCP.exp
LINK : warning LNK4098: defaultlib 'MSVCRT' conflicts with use of other libs; use /NODEFAULTLIB:library
  Generating code
  Finished generating code
TCP.lib(TCPLib.obj) : warning LNK4099: PDB 'TCPLib.pdb' was not found with 'TCP.lib(TCPLib.obj)' or at 'D:\WFH\DOS ATTACK\DOS_Attack_v12.1-IOT\DOS_Attack_v12.1\DOS_Attack_IoT_Workspace\bin\bin_x64\TCPLib.pdb'; linking object as if no debug info
list.lib(List.obj) : warning LNK4099: PDB 'List.pdb' was not found with 'list.lib(List.obj)' or at 'D:\WFH\DOS ATTACK\DOS_Attack_v12.1-IOT\DOS_Attack_v12.1\DOS_Attack_IoT_Workspace\bin\bin_x64\List.pdb'; linking object as if no debug info
  TCP.vcxproj -> D:\WFH\DOS ATTACK\DOS_Attack_v12.1-IOT\DOS_Attack_v12.1\DOS_Attack_IoT_Workspace\src\Simulation\TCP\..\..\..\bin\bin_x64\TCP.dll
