c:\users\sagar\desktop\dos_attack_v12.1\dos_attack_iot_workspace\src\simulation\ethernet\x64\debug\vc142.pdb
c:\users\sagar\desktop\dos_attack_v12.1\dos_attack_iot_workspace\src\simulation\ethernet\x64\debug\vc142.idb
c:\users\sagar\desktop\dos_attack_v12.1\dos_attack_iot_workspace\src\simulation\ethernet\x64\debug\vlan.obj
c:\users\sagar\desktop\dos_attack_v12.1\dos_attack_iot_workspace\src\simulation\ethernet\x64\debug\switchtable.obj
c:\users\sagar\desktop\dos_attack_v12.1\dos_attack_iot_workspace\src\simulation\ethernet\x64\debug\spanningtree.obj
c:\users\sagar\desktop\dos_attack_v12.1\dos_attack_iot_workspace\src\simulation\ethernet\x64\debug\ethernet_phy.obj
c:\users\sagar\desktop\dos_attack_v12.1\dos_attack_iot_workspace\src\simulation\ethernet\x64\debug\ethernet_mac.obj
c:\users\sagar\desktop\dos_attack_v12.1\dos_attack_iot_workspace\src\simulation\ethernet\x64\debug\ethernet_enum.obj
c:\users\sagar\desktop\dos_attack_v12.1\dos_attack_iot_workspace\src\simulation\ethernet\x64\debug\ethernet.obj
c:\users\sagar\desktop\dos_attack_v12.1\dos_attack_iot_workspace\bin\bin_x64\ethernet.lib
c:\users\sagar\desktop\dos_attack_v12.1\dos_attack_iot_workspace\bin\bin_x64\ethernet.exp
c:\users\sagar\desktop\dos_attack_v12.1\dos_attack_iot_workspace\bin\bin_x64\libethernet.dll
c:\users\sagar\desktop\dos_attack_v12.1\dos_attack_iot_workspace\bin\bin_x64\ethernet.pdb
d:\wfh\dos attack\dos_attack_v12.1-iot\dos_attack_v12.1\dos_attack_iot_workspace\src\simulation\ethernet\x64\debug\ethernet.obj
d:\wfh\dos attack\dos_attack_v12.1-iot\dos_attack_v12.1\dos_attack_iot_workspace\src\simulation\ethernet\x64\debug\ethernet_enum.obj
d:\wfh\dos attack\dos_attack_v12.1-iot\dos_attack_v12.1\dos_attack_iot_workspace\src\simulation\ethernet\x64\debug\ethernet_mac.obj
d:\wfh\dos attack\dos_attack_v12.1-iot\dos_attack_v12.1\dos_attack_iot_workspace\src\simulation\ethernet\x64\debug\ethernet_phy.obj
d:\wfh\dos attack\dos_attack_v12.1-iot\dos_attack_v12.1\dos_attack_iot_workspace\src\simulation\ethernet\x64\debug\spanningtree.obj
d:\wfh\dos attack\dos_attack_v12.1-iot\dos_attack_v12.1\dos_attack_iot_workspace\src\simulation\ethernet\x64\debug\switchtable.obj
d:\wfh\dos attack\dos_attack_v12.1-iot\dos_attack_v12.1\dos_attack_iot_workspace\src\simulation\ethernet\x64\debug\vlan.obj
d:\wfh\dos attack\dos_attack_v12.1-iot\dos_attack_v12.1\dos_attack_iot_workspace\src\simulation\ethernet\x64\debug\vc142.idb
d:\wfh\dos attack\dos_attack_v12.1-iot\dos_attack_v12.1\dos_attack_iot_workspace\src\simulation\ethernet\x64\debug\vc142.pdb
d:\wfh\dos attack\dos_attack_v12.1-iot\dos_attack_v12.1\dos_attack_iot_workspace\src\simulation\ethernet\x64\debug\ethernet.tlog\cl.command.1.tlog
d:\wfh\dos attack\dos_attack_v12.1-iot\dos_attack_v12.1\dos_attack_iot_workspace\src\simulation\ethernet\x64\debug\ethernet.tlog\cl.read.1.tlog
d:\wfh\dos attack\dos_attack_v12.1-iot\dos_attack_v12.1\dos_attack_iot_workspace\src\simulation\ethernet\x64\debug\ethernet.tlog\cl.write.1.tlog
d:\wfh\dos attack\dos_attack_v12.1-iot\dos_attack_v12.1\dos_attack_iot_workspace\src\simulation\ethernet\x64\debug\ethernet.tlog\ethernet.write.1u.tlog
d:\wfh\dos attack\dos_attack_v12.1-iot\dos_attack_v12.1\dos_attack_iot_workspace\src\simulation\ethernet\x64\debug\ethernet.tlog\link.command.1.tlog
d:\wfh\dos attack\dos_attack_v12.1-iot\dos_attack_v12.1\dos_attack_iot_workspace\src\simulation\ethernet\x64\debug\ethernet.tlog\link.read.1.tlog
d:\wfh\dos attack\dos_attack_v12.1-iot\dos_attack_v12.1\dos_attack_iot_workspace\src\simulation\ethernet\x64\debug\ethernet.tlog\link.write.1.tlog
